<?xml version="1.0" encoding="UTF-8"?>
<!-- Generated by org.testng.reporters.JUnitXMLReporter -->
<testsuite ignored="0" hostname="Macbooks-MacBook-Pro.local" failures="0" tests="5" name="/Users/macbook/eclipse-workspace/TestNG-Project/src/test/java/Annotation_001/HRMOrgTest.java" time="15.106" errors="0" timestamp="2024-06-24T23:34:00 PDT">
  <testcase classname="Annotation_001.HRMOrgTest" name="openApp" time="7.6"/>
  <testcase classname="Annotation_001.HRMOrgTest" name="LogoPresence" time="0.066"/>
  <testcase classname="Annotation_001.HRMOrgTest" name="logIn" time="3.409"/>
  <testcase classname="Annotation_001.HRMOrgTest" name="logOut" time="3.829"/>
  <testcase classname="Annotation_001.HRMOrgTest" name="closeWind" time="0.134"/>
</testsuite> <!-- /Users/macbook/eclipse-workspace/TestNG-Project/src/test/java/Annotation_001/HRMOrgTest.java -->
