<?xml version="1.0" encoding="UTF-8"?>
<!-- Generated by org.testng.reporters.JUnitXMLReporter -->
<testsuite ignored="0" hostname="Macbooks-MacBook-Pro.local" failures="0" tests="5" name="/Users/macbook/eclipse-workspace/TestNG-Project/src/test/java/WebTableTest/StaticWebTableTest.java" time="4.114" errors="0" timestamp="2024-06-26T16:15:32 PDT">
  <testcase classname="WebTableTest.StaticWebTableTest" name="openWeb" time="3.771"/>
  <testcase classname="WebTableTest.StaticWebTableTest" name="numRow" time="0.014"/>
  <testcase classname="WebTableTest.StaticWebTableTest" name="numCol" time="0.012"/>
  <testcase classname="WebTableTest.StaticWebTableTest" name="webTableData" time="0.161"/>
  <testcase classname="WebTableTest.StaticWebTableTest" name="closeWind" time="0.125"/>
</testsuite> <!-- /Users/macbook/eclipse-workspace/TestNG-Project/src/test/java/WebTableTest/StaticWebTableTest.java -->
