<?xml version="1.0" encoding="UTF-8"?>
<!-- Generated by org.testng.reporters.JUnitXMLReporter -->
<testsuite ignored="0" hostname="Macbooks-MacBook-Pro.local" failures="0" tests="3" name="/Users/macbook/eclipse-workspace/TestNG-Project/src/test/java/Parametarization/ParellDemo.java" time="7.624" errors="0" timestamp="2024-06-29T03:11:25 PDT">
  <testcase classname="Parametarization.ParellDemo" name="testLogo" time="0.031"/>
  <testcase classname="Parametarization.ParellDemo" name="testTitle" time="0.007"/>
  <testcase classname="Parametarization.ParellDemo" name="testUrl" time="0.007"/>
</testsuite> <!-- /Users/macbook/eclipse-workspace/TestNG-Project/src/test/java/Parametarization/ParellDemo.java -->
