<?xml version="1.0" encoding="UTF-8"?>
<!-- Generated by org.testng.reporters.JUnitXMLReporter -->
<testsuite ignored="0" hostname="Macbooks-MacBook-Pro.local" failures="0" tests="2" name="/Users/macbook/eclipse-workspace/TestNG-Project/src/test/java/Annotation_001/AllAnnotations.java" time="0.043" errors="0" timestamp="2024-06-26T01:28:20 PDT">
  <testcase classname="Annotation_001.AllAnnotations" name="logIn" time="0.001"/>
  <testcase classname="Annotation_001.AllAnnotations" name="logOut" time="0.0"/>
</testsuite> <!-- /Users/macbook/eclipse-workspace/TestNG-Project/src/test/java/Annotation_001/AllAnnotations.java -->
