<?xml version="1.0" encoding="UTF-8"?>
<!-- Generated by org.testng.reporters.JUnitXMLReporter -->
<testsuite ignored="0" hostname="Macbooks-MacBook-Pro.local" failures="0" tests="3" name="/Users/macbook/eclipse-workspace/TestNG-Project/src/test/java/AlertsTest/HandleAertsTest.java" time="13.162" errors="0" timestamp="2024-06-26T01:22:29 PDT">
  <testcase classname="AlertsTest.HandleAertsTest" name="openSite" time="7.73"/>
  <testcase classname="AlertsTest.HandleAertsTest" name="handleAlert" time="0.156"/>
  <testcase classname="AlertsTest.HandleAertsTest" name="closeWind" time="5.231"/>
</testsuite> <!-- /Users/macbook/eclipse-workspace/TestNG-Project/src/test/java/AlertsTest/HandleAertsTest.java -->
