<?xml version="1.0" encoding="UTF-8"?>
<!-- Generated by org.testng.reporters.JUnitXMLReporter -->
<testsuite ignored="0" hostname="Macbooks-MacBook-Pro.local" failures="0" tests="3" name="chrometest" time="11.505" errors="0" timestamp="2024-06-29T03:29:48 PDT">
  <testcase classname="Parametarization.ParellDemo" name="testLogo" time="0.036"/>
  <testcase classname="Parametarization.ParellDemo" name="testTitle" time="0.009"/>
  <testcase classname="Parametarization.ParellDemo" name="testUrl" time="0.008"/>
</testsuite> <!-- chrometest -->
