<?xml version="1.0" encoding="UTF-8"?>
<!-- Generated by org.testng.reporters.JUnitXMLReporter -->
<testsuite ignored="0" hostname="Macbooks-MacBook-Pro.local" failures="0" tests="3" name="firefoxtest" time="15.85" errors="0" timestamp="2024-06-29T03:29:53 PDT">
  <testcase classname="Parametarization.ParellDemo" name="testLogo" time="0.037"/>
  <testcase classname="Parametarization.ParellDemo" name="testTitle" time="0.005"/>
  <testcase classname="Parametarization.ParellDemo" name="testUrl" time="0.004"/>
</testsuite> <!-- firefoxtest -->
