<?xml version="1.0" encoding="UTF-8"?>
<!-- Generated by org.testng.reporters.JUnitXMLReporter -->
<testsuite ignored="0" hostname="Macbooks-MacBook-Pro.local" failures="0" tests="3" name="safaritest" time="9.743" errors="0" timestamp="2024-06-29T03:29:47 PDT">
  <testcase classname="Parametarization.ParellDemo" name="testLogo" time="0.035"/>
  <testcase classname="Parametarization.ParellDemo" name="testTitle" time="0.006"/>
  <testcase classname="Parametarization.ParellDemo" name="testUrl" time="0.01"/>
</testsuite> <!-- safaritest -->
